android-app/app/build/intermediates/manifest_merge_blame_file/debug/manifest-merger-blame-debug-report.txt
1<?xml version="1.0" encoding="utf-8"?>
2<manifest xmlns:android="http://schemas.android.com/apk/res/android"
3    package="com.trackrunner.courier"
4    android:versionCode="1"
5    android:versionName="1.0" >
6
7    <uses-sdk
8        android:minSdkVersion="26"
9        android:targetSdkVersion="34" />
10
11    <!-- Network permissions -->
12    <uses-permission android:name="android.permission.INTERNET" />
12-->src\main\AndroidManifest.xml:6:5-67
12-->src\main\AndroidManifest.xml:6:22-64
13    <uses-permission android:name="android.permission.ACCESS_NETWORK_STATE" />
13-->src\main\AndroidManifest.xml:7:5-79
13-->src\main\AndroidManifest.xml:7:22-76
14    <uses-permission android:name="android.permission.WAKE_LOCK" />
14-->src\main\AndroidManifest.xml:8:5-68
14-->src\main\AndroidManifest.xml:8:22-65
15
16    <!-- Location permissions -->
17    <uses-permission android:name="android.permission.ACCESS_COARSE_LOCATION" />
17-->src\main\AndroidManifest.xml:11:5-81
17-->src\main\AndroidManifest.xml:11:22-78
18    <uses-permission android:name="android.permission.ACCESS_FINE_LOCATION" />
18-->src\main\AndroidManifest.xml:12:5-79
18-->src\main\AndroidManifest.xml:12:22-76
19    <uses-permission android:name="android.permission.ACCESS_BACKGROUND_LOCATION" />
19-->src\main\AndroidManifest.xml:13:5-85
19-->src\main\AndroidManifest.xml:13:22-82
20
21    <!-- Foreground service permissions -->
22    <uses-permission android:name="android.permission.FOREGROUND_SERVICE" />
22-->src\main\AndroidManifest.xml:16:5-77
22-->src\main\AndroidManifest.xml:16:22-74
23    <uses-permission android:name="android.permission.FOREGROUND_SERVICE_LOCATION" />
23-->src\main\AndroidManifest.xml:17:5-86
23-->src\main\AndroidManifest.xml:17:22-83
24
25    <!-- Notification permission (Android 13+) -->
26    <uses-permission android:name="android.permission.POST_NOTIFICATIONS" />
26-->src\main\AndroidManifest.xml:20:5-77
26-->src\main\AndroidManifest.xml:20:22-74
27
28    <!-- Battery (optional, for battery optimization exemption request) -->
29    <uses-permission android:name="android.permission.REQUEST_IGNORE_BATTERY_OPTIMIZATIONS" />
29-->src\main\AndroidManifest.xml:23:5-95
29-->src\main\AndroidManifest.xml:23:22-92
30
31    <!-- Hardware feature requirement -->
32    <uses-feature
32-->src\main\AndroidManifest.xml:26:5-28:35
33        android:name="android.hardware.location.gps"
33-->src\main\AndroidManifest.xml:27:9-53
34        android:required="true" />
34-->src\main\AndroidManifest.xml:28:9-32
35
36    <permission
36-->[androidx.core:core:1.12.0] AndroidManifest.xml:22:5-24:47
37        android:name="com.trackrunner.courier.DYNAMIC_RECEIVER_NOT_EXPORTED_PERMISSION"
37-->[androidx.core:core:1.12.0] AndroidManifest.xml:23:9-81
38        android:protectionLevel="signature" />
38-->[androidx.core:core:1.12.0] AndroidManifest.xml:24:9-44
39
40    <uses-permission android:name="com.trackrunner.courier.DYNAMIC_RECEIVER_NOT_EXPORTED_PERMISSION" />
40-->[androidx.core:core:1.12.0] AndroidManifest.xml:26:5-97
40-->[androidx.core:core:1.12.0] AndroidManifest.xml:26:22-94
41
42    <application
42-->src\main\AndroidManifest.xml:30:5-67:19
43        android:name="com.trackrunner.courier.TrackRunnerApp"
43-->src\main\AndroidManifest.xml:31:9-39
44        android:allowBackup="true"
44-->src\main\AndroidManifest.xml:32:9-35
45        android:appComponentFactory="androidx.core.app.CoreComponentFactory"
45-->[androidx.core:core:1.12.0] AndroidManifest.xml:28:18-86
46        android:dataExtractionRules="@xml/data_extraction_rules"
46-->src\main\AndroidManifest.xml:33:9-65
47        android:debuggable="true"
48        android:extractNativeLibs="false"
49        android:fullBackupContent="@xml/backup_rules"
49-->src\main\AndroidManifest.xml:34:9-54
50        android:icon="@mipmap/ic_launcher"
50-->src\main\AndroidManifest.xml:35:9-43
51        android:label="@string/app_name"
51-->src\main\AndroidManifest.xml:36:9-41
52        android:roundIcon="@mipmap/ic_launcher_round"
52-->src\main\AndroidManifest.xml:37:9-54
53        android:supportsRtl="true"
53-->src\main\AndroidManifest.xml:38:9-35
54        android:theme="@style/Theme.TrackRunner"
54-->src\main\AndroidManifest.xml:39:9-49
55        android:usesCleartextTraffic="true" >
55-->src\main\AndroidManifest.xml:40:9-44
56        <activity
56-->src\main\AndroidManifest.xml:43:9-52:20
57            android:name="com.trackrunner.courier.LoginActivity"
57-->src\main\AndroidManifest.xml:44:13-42
58            android:exported="true"
58-->src\main\AndroidManifest.xml:45:13-36
59            android:label="@string/app_name"
59-->src\main\AndroidManifest.xml:46:13-45
60            android:theme="@style/Theme.TrackRunner" >
60-->src\main\AndroidManifest.xml:47:13-53
61            <intent-filter>
61-->src\main\AndroidManifest.xml:48:13-51:29
62                <action android:name="android.intent.action.MAIN" />
62-->src\main\AndroidManifest.xml:49:17-69
62-->src\main\AndroidManifest.xml:49:25-66
63
64                <category android:name="android.intent.category.LAUNCHER" />
64-->src\main\AndroidManifest.xml:50:17-77
64-->src\main\AndroidManifest.xml:50:27-74
65            </intent-filter>
66        </activity>
67        <activity
67-->src\main\AndroidManifest.xml:54:9-58:56
68            android:name="com.trackrunner.courier.MainActivity"
68-->src\main\AndroidManifest.xml:55:13-41
69            android:exported="false"
69-->src\main\AndroidManifest.xml:56:13-37
70            android:label="@string/app_name"
70-->src\main\AndroidManifest.xml:57:13-45
71            android:theme="@style/Theme.TrackRunner" />
71-->src\main\AndroidManifest.xml:58:13-53
72
73        <service
73-->src\main\AndroidManifest.xml:60:9-65:44
74            android:name="com.trackrunner.courier.service.LocationTrackingService"
74-->src\main\AndroidManifest.xml:61:13-60
75            android:enabled="true"
75-->src\main\AndroidManifest.xml:62:13-35
76            android:exported="false"
76-->src\main\AndroidManifest.xml:63:13-37
77            android:foregroundServiceType="location"
77-->src\main\AndroidManifest.xml:64:13-53
78            android:stopWithTask="false" />
78-->src\main\AndroidManifest.xml:65:13-41
79
80        <provider
80-->[androidx.emoji2:emoji2:1.2.0] AndroidManifest.xml:24:9-32:20
81            android:name="androidx.startup.InitializationProvider"
81-->[androidx.emoji2:emoji2:1.2.0] AndroidManifest.xml:25:13-67
82            android:authorities="com.trackrunner.courier.androidx-startup"
82-->[androidx.emoji2:emoji2:1.2.0] AndroidManifest.xml:26:13-68
83            android:exported="false" >
83-->[androidx.emoji2:emoji2:1.2.0] AndroidManifest.xml:27:13-37
84            <meta-data
84-->[androidx.emoji2:emoji2:1.2.0] AndroidManifest.xml:29:13-31:52
85                android:name="androidx.emoji2.text.EmojiCompatInitializer"
85-->[androidx.emoji2:emoji2:1.2.0] AndroidManifest.xml:30:17-75
86                android:value="androidx.startup" />
86-->[androidx.emoji2:emoji2:1.2.0] AndroidManifest.xml:31:17-49
87            <meta-data
87-->[androidx.lifecycle:lifecycle-process:2.7.0] AndroidManifest.xml:29:13-31:52
88                android:name="androidx.lifecycle.ProcessLifecycleInitializer"
88-->[androidx.lifecycle:lifecycle-process:2.7.0] AndroidManifest.xml:30:17-78
89                android:value="androidx.startup" />
89-->[androidx.lifecycle:lifecycle-process:2.7.0] AndroidManifest.xml:31:17-49
90            <meta-data
90-->[androidx.profileinstaller:profileinstaller:1.3.0] AndroidManifest.xml:29:13-31:52
91                android:name="androidx.profileinstaller.ProfileInstallerInitializer"
91-->[androidx.profileinstaller:profileinstaller:1.3.0] AndroidManifest.xml:30:17-85
92                android:value="androidx.startup" />
92-->[androidx.profileinstaller:profileinstaller:1.3.0] AndroidManifest.xml:31:17-49
93        </provider>
94
95        <activity
95-->[com.google.android.gms:play-services-base:18.1.0] AndroidManifest.xml:20:9-22:45
96            android:name="com.google.android.gms.common.api.GoogleApiActivity"
96-->[com.google.android.gms:play-services-base:18.1.0] AndroidManifest.xml:20:19-85
97            android:exported="false"
97-->[com.google.android.gms:play-services-base:18.1.0] AndroidManifest.xml:22:19-43
98            android:theme="@android:style/Theme.Translucent.NoTitleBar" />
98-->[com.google.android.gms:play-services-base:18.1.0] AndroidManifest.xml:21:19-78
99
100        <meta-data
100-->[com.google.android.gms:play-services-basement:18.1.0] AndroidManifest.xml:21:9-23:69
101            android:name="com.google.android.gms.version"
101-->[com.google.android.gms:play-services-basement:18.1.0] AndroidManifest.xml:22:13-58
102            android:value="@integer/google_play_services_version" />
102-->[com.google.android.gms:play-services-basement:18.1.0] AndroidManifest.xml:23:13-66
103
104        <service
104-->[androidx.room:room-runtime:2.6.1] AndroidManifest.xml:24:9-28:63
105            android:name="androidx.room.MultiInstanceInvalidationService"
105-->[androidx.room:room-runtime:2.6.1] AndroidManifest.xml:25:13-74
106            android:directBootAware="true"
106-->[androidx.room:room-runtime:2.6.1] AndroidManifest.xml:26:13-43
107            android:exported="false" />
107-->[androidx.room:room-runtime:2.6.1] AndroidManifest.xml:27:13-37
108
109        <receiver
109-->[androidx.profileinstaller:profileinstaller:1.3.0] AndroidManifest.xml:34:9-52:20
110            android:name="androidx.profileinstaller.ProfileInstallReceiver"
110-->[androidx.profileinstaller:profileinstaller:1.3.0] AndroidManifest.xml:35:13-76
111            android:directBootAware="false"
111-->[androidx.profileinstaller:profileinstaller:1.3.0] AndroidManifest.xml:36:13-44
112            android:enabled="true"
112-->[androidx.profileinstaller:profileinstaller:1.3.0] AndroidManifest.xml:37:13-35
113            android:exported="true"
113-->[androidx.profileinstaller:profileinstaller:1.3.0] AndroidManifest.xml:38:13-36
114            android:permission="android.permission.DUMP" >
114-->[androidx.profileinstaller:profileinstaller:1.3.0] AndroidManifest.xml:39:13-57
115            <intent-filter>
115-->[androidx.profileinstaller:profileinstaller:1.3.0] AndroidManifest.xml:40:13-42:29
116                <action android:name="androidx.profileinstaller.action.INSTALL_PROFILE" />
116-->[androidx.profileinstaller:profileinstaller:1.3.0] AndroidManifest.xml:41:17-91
116-->[androidx.profileinstaller:profileinstaller:1.3.0] AndroidManifest.xml:41:25-88
117            </intent-filter>
118            <intent-filter>
118-->[androidx.profileinstaller:profileinstaller:1.3.0] AndroidManifest.xml:43:13-45:29
119                <action android:name="androidx.profileinstaller.action.SKIP_FILE" />
119-->[androidx.profileinstaller:profileinstaller:1.3.0] AndroidManifest.xml:44:17-85
119-->[androidx.profileinstaller:profileinstaller:1.3.0] AndroidManifest.xml:44:25-82
120            </intent-filter>
121            <intent-filter>
121-->[androidx.profileinstaller:profileinstaller:1.3.0] AndroidManifest.xml:46:13-48:29
122                <action android:name="androidx.profileinstaller.action.SAVE_PROFILE" />
122-->[androidx.profileinstaller:profileinstaller:1.3.0] AndroidManifest.xml:47:17-88
122-->[androidx.profileinstaller:profileinstaller:1.3.0] AndroidManifest.xml:47:25-85
123            </intent-filter>
124            <intent-filter>
124-->[androidx.profileinstaller:profileinstaller:1.3.0] AndroidManifest.xml:49:13-51:29
125                <action android:name="androidx.profileinstaller.action.BENCHMARK_OPERATION" />
125-->[androidx.profileinstaller:profileinstaller:1.3.0] AndroidManifest.xml:50:17-95
125-->[androidx.profileinstaller:profileinstaller:1.3.0] AndroidManifest.xml:50:25-92
126            </intent-filter>
127        </receiver>
128    </application>
129
130</manifest>